[0.004s] Invoking command in '/home/yifeng/Dropbox/USC/Research/Project/lassie-traveler/dependencies/build/traveler_high_controller': CMAKE_PREFIX_PATH=/home/yifeng/Dropbox/USC/Research/Project/lassie-traveler/dependencies/install/traveler_msgs:/home/yifeng/Dropbox/USC/Research/Project/lassie-traveler/dependencies/install/traveler_high_controller:/opt/ros/jazzy/opt/gz_math_vendor:/opt/ros/jazzy/opt/gz_utils_vendor:/opt/ros/jazzy/opt/gz_cmake_vendor:/opt/ros/jazzy DEBUGINFOD_URLS=https://debuginfod.ubuntu.com /usr/bin/cmake --build /home/yifeng/Dropbox/USC/Research/Project/lassie-traveler/dependencies/build/traveler_high_controller -- -j32 -l32
[0.035s] [ 31%] Built target odrive_can_interface
[0.041s] [ 37%] [32mBuilding CXX object CMakeFiles/traveler_high_controller.dir/src/proxy/upperproxy.cpp.o[0m
[1.047s] [01m[K/home/yifeng/Dropbox/USC/Research/Project/lassie-traveler/dependencies/traveler_controller/src/proxy/upperproxy.cpp:[m[K In member function â€˜[01m[Kvoid traveler_namespace::control::upperproxy::[01;32m[Khandle_gui[m[K(traveler_msgs::msg::TravelerConfig_<std::allocator<void> >::SharedPtr)[m[Kâ€™:
[1.047s] [01m[K/home/yifeng/Dropbox/USC/Research/Project/lassie-traveler/dependencies/traveler_controller/src/proxy/upperproxy.cpp:69:57:[m[K [01;31m[Kerror: [m[Kâ€˜[01m[Kusing std::__shared_ptr_access<traveler_msgs::msg::TravelerConfig_<std::allocator<void> >, __gnu_cxx::_S_atomic, false, false>::element_type = struct traveler_msgs::msg::TravelerConfig_<std::allocator<void> >[m[Kâ€™ {aka â€˜[01m[Kstruct traveler_msgs::msg::TravelerConfig_<std::allocator<void> >[m[Kâ€™} has no member named â€˜[01m[Kstatic_length[m[Kâ€™
[1.047s]    69 |             traveler_leg.traj_data.static_length = msg->[01;31m[Kstatic_length[m[K / 100.0f;
[1.047s]       |                                                         [01;31m[K^~~~~~~~~~~~~[m[K
[1.047s] [01m[K/home/yifeng/Dropbox/USC/Research/Project/lassie-traveler/dependencies/traveler_controller/src/proxy/upperproxy.cpp:70:57:[m[K [01;31m[Kerror: [m[Kâ€˜[01m[Kusing std::__shared_ptr_access<traveler_msgs::msg::TravelerConfig_<std::allocator<void> >, __gnu_cxx::_S_atomic, false, false>::element_type = struct traveler_msgs::msg::TravelerConfig_<std::allocator<void> >[m[Kâ€™ {aka â€˜[01m[Kstruct traveler_msgs::msg::TravelerConfig_<std::allocator<void> >[m[Kâ€™} has no member named â€˜[01m[Kstatic_angle[m[Kâ€™
[1.047s]    70 |             traveler_leg.traj_data.static_angle = (msg->[01;31m[Kstatic_angle[m[K / -180 * M_PI) + M_PI;
[1.047s]       |                                                         [01;31m[K^~~~~~~~~~~~[m[K
[2.222s] gmake[2]: *** [CMakeFiles/traveler_high_controller.dir/build.make:160: CMakeFiles/traveler_high_controller.dir/src/proxy/upperproxy.cpp.o] Error 1
[2.223s] gmake[1]: *** [CMakeFiles/Makefile2:139: CMakeFiles/traveler_high_controller.dir/all] Error 2
[2.223s] gmake: *** [Makefile:146: all] Error 2
[2.224s] Invoked command in '/home/yifeng/Dropbox/USC/Research/Project/lassie-traveler/dependencies/build/traveler_high_controller' returned '2': CMAKE_PREFIX_PATH=/home/yifeng/Dropbox/USC/Research/Project/lassie-traveler/dependencies/install/traveler_msgs:/home/yifeng/Dropbox/USC/Research/Project/lassie-traveler/dependencies/install/traveler_high_controller:/opt/ros/jazzy/opt/gz_math_vendor:/opt/ros/jazzy/opt/gz_utils_vendor:/opt/ros/jazzy/opt/gz_cmake_vendor:/opt/ros/jazzy DEBUGINFOD_URLS=https://debuginfod.ubuntu.com /usr/bin/cmake --build /home/yifeng/Dropbox/USC/Research/Project/lassie-traveler/dependencies/build/traveler_high_controller -- -j32 -l32
